VLC P2P Payment/MyApplication/OpenCV/build/intermediates/manifest_merge_blame_file/debug/manifest-merger-blame-debug-report.txt
1<?xml version="1.0" encoding="utf-8"?>
2<manifest xmlns:android="http://schemas.android.com/apk/res/android"
3    package="org.opencv" >
4
5    <uses-sdk
6        android:minSdkVersion="21"
6-->OpenCV\java\AndroidManifest.xml
7        android:targetSdkVersion="33" />
7-->OpenCV\java\AndroidManifest.xml
8
9    <uses-permission android:name="android.permission.CAMERA" />
9-->OpenCV\java\AndroidManifest.xml:5:5-65
9-->OpenCV\java\AndroidManifest.xml:5:22-62
10
11</manifest>